Build started 16.01.2018 00:15:47.
     1>Project "D:\studia\projekt c++\05 Minesweeper\Project2\Project2\Project2.vcxproj" on node 2 (Rebuild target(s)).
     1>C:\Program Files (x86)\MSBuild\Microsoft.Cpp\v4.0\V120\Microsoft.CppBuild.targets(388,5): warning MSB8028: The intermediate directory (Release\) contains files shared from another project (Project2.vcxproj).  This can lead to incorrect clean and rebuild behavior.
     1>ClCompile:
         D:\Serwer\visual\VC\bin\CL.exe /c /I"D:\studia\projekt c++\SFML-2.4.2\include" /Zi /nologo /W3 /WX- /sdl /O2 /Oi /Oy- /GL /D SFML_DYNAMIC /D _MBCS /Gm- /EHsc /MD /GS /Gy /fp:precise /Zc:wchar_t /Zc:forScope /Fo"Release\\" /Fd"Release\vc120.pdb" /Gd /TP /analyze- /errorReport:prompt koncowe.cpp Menu.cpp Source.cpp Gra.cpp wywolania.cpp
         koncowe.cpp
         Menu.cpp
     1>Menu.cpp(35): warning C4244: 'argument' : conversion from 'int' to 'float', possible loss of data
     1>Menu.cpp(274): warning C4244: 'argument' : conversion from 'int' to 'float', possible loss of data
     1>Menu.cpp(285): warning C4244: 'argument' : conversion from 'int' to 'float', possible loss of data
     1>Menu.cpp(296): warning C4244: 'argument' : conversion from 'int' to 'float', possible loss of data
         Source.cpp
         Gra.cpp
     1>Gra.cpp(168): warning C4244: 'argument' : conversion from 'int' to 'float', possible loss of data
         wywolania.cpp
       Link:
         D:\Serwer\visual\VC\bin\link.exe /ERRORREPORT:PROMPT /OUT:"D:\studia\projekt c++\05 Minesweeper\Project2\Release\Gra Saper.exe" /NOLOGO /LIBPATH:"D:\studia\projekt c++\SFML-2.4.2\lib" "sfml-graphics.lib" "sfml-window.lib" "sfml-system.lib" "sfml-audio.lib" kernel32.lib user32.lib gdi32.lib winspool.lib comdlg32.lib advapi32.lib shell32.lib ole32.lib oleaut32.lib uuid.lib odbc32.lib odbccp32.lib /MANIFEST /MANIFESTUAC:"level='asInvoker' uiAccess='false'" /manifest:embed /DEBUG /PDB:"D:\studia\projekt c++\05 Minesweeper\Project2\Release\Gra Saper.pdb" /SUBSYSTEM:WINDOWS /OPT:REF /OPT:ICF /LTCG /TLBID:1 /DYNAMICBASE /NXCOMPAT /IMPLIB:"D:\studia\projekt c++\05 Minesweeper\Project2\Release\Gra Saper.lib" /MACHINE:X86 /SAFESEH /ENTRY:"mainCRTStartup"
          Release\koncowe.obj
         Release\Menu.obj
         Release\Source.obj
         Release\Gra.obj
         Release\wywolania.obj
         Generating code
         Finished generating code
         Project2.vcxproj -> D:\studia\projekt c++\05 Minesweeper\Project2\Release\Gra Saper.exe
     1>Done Building Project "D:\studia\projekt c++\05 Minesweeper\Project2\Project2\Project2.vcxproj" (Rebuild target(s)).

Build succeeded.

Time Elapsed 00:00:03.24
