Build started 16.01.2018 00:16:50.
     1>Project "D:\studia\projekt c++\05 Minesweeper\Project2\Project2\Project2.vcxproj" on node 2 (Rebuild target(s)).
     1>ClCompile:
         D:\Serwer\visual\VC\bin\CL.exe /c /I"D:\studia\projekt c++\SFML-2.4.2\include" /ZI /nologo /W3 /WX- /sdl /Od /Oy- /D SFML_DYNAMIC /D _MBCS /Gm /EHsc /RTC1 /MDd /GS /fp:precise /Zc:wchar_t /Zc:forScope /Fo"Debug\\" /Fd"Debug\vc120.pdb" /Gd /TP /analyze- /errorReport:prompt koncowe.cpp Menu.cpp Source.cpp Gra.cpp wywolania.cpp
         wywolania.cpp
         Gra.cpp
     1>d:\studia\projekt c++\05 minesweeper\project2\project2\gra.cpp(168): warning C4244: 'argument' : conversion from 'int' to 'float', possible loss of data
         Source.cpp
         Menu.cpp
     1>d:\studia\projekt c++\05 minesweeper\project2\project2\menu.cpp(35): warning C4244: 'argument' : conversion from 'int' to 'float', possible loss of data
     1>d:\studia\projekt c++\05 minesweeper\project2\project2\menu.cpp(274): warning C4244: 'argument' : conversion from 'int' to 'float', possible loss of data
     1>d:\studia\projekt c++\05 minesweeper\project2\project2\menu.cpp(285): warning C4244: 'argument' : conversion from 'int' to 'float', possible loss of data
     1>d:\studia\projekt c++\05 minesweeper\project2\project2\menu.cpp(296): warning C4244: 'argument' : conversion from 'int' to 'float', possible loss of data
         koncowe.cpp
         Generating Code...
       Link:
         D:\Serwer\visual\VC\bin\link.exe /ERRORREPORT:PROMPT /OUT:"D:\studia\projekt c++\05 Minesweeper\Project2\Debug\Gra Saper.exe" /INCREMENTAL /NOLOGO /LIBPATH:"D:\studia\projekt c++\SFML-2.4.2\lib" "sfml-graphics.lib" "sfml-window.lib" "sfml-system.lib" "sfml-audio.lib" kernel32.lib user32.lib gdi32.lib winspool.lib comdlg32.lib advapi32.lib shell32.lib ole32.lib oleaut32.lib uuid.lib odbc32.lib odbccp32.lib /MANIFEST /MANIFESTUAC:"level='asInvoker' uiAccess='false'" /manifest:embed /DEBUG /PDB:"D:\studia\projekt c++\05 Minesweeper\Project2\Debug\Gra Saper.pdb" /SUBSYSTEM:WINDOWS /TLBID:1 /DYNAMICBASE /NXCOMPAT /IMPLIB:"D:\studia\projekt c++\05 Minesweeper\Project2\Debug\Gra Saper.lib" /MACHINE:X86 /ENTRY:"mainCRTStartup"
          Debug\koncowe.obj
         Debug\Menu.obj
         Debug\Source.obj
         Debug\Gra.obj
         Debug\wywolania.obj
         Project2.vcxproj -> D:\studia\projekt c++\05 Minesweeper\Project2\Debug\Gra Saper.exe
     1>Done Building Project "D:\studia\projekt c++\05 Minesweeper\Project2\Project2\Project2.vcxproj" (Rebuild target(s)).

Build succeeded.

Time Elapsed 00:00:03.65
